#
# There is insufficient memory for the Java Runtime Environment to continue.
# Native memory allocation (malloc) failed to allocate 65552 bytes for Chunk::new
# Possible reasons:
#   The system is out of physical RAM or swap space
#   In 32 bit mode, the process size limit was hit
# Possible solutions:
#   Reduce memory load on the system
#   Increase physical memory or swap space
#   Check if swap backing store is full
#   Use 64 bit Java on a 64 bit OS
#   Decrease Java heap size (-Xmx/-Xms)
#   Decrease number of Java threads
#   Decrease Java thread stack sizes (-Xss)
#   Set larger code cache with -XX:ReservedCodeCacheSize=
# This output file may be truncated or incomplete.
#
#  Out of Memory Error (allocation.cpp:323), pid=2648, tid=4224
#
# JRE version: Java(TM) SE Runtime Environment (7.0_79-b15) (build 1.7.0_79-b15)
# Java VM: Java HotSpot(TM) 64-Bit Server VM (24.79-b02 mixed mode windows-amd64 compressed oops)
# Failed to write core dump. Minidumps are not enabled by default on client versions of Windows
#

---------------  T H R E A D  ---------------

Current thread (0x0000000008e54800):  JavaThread "C2 CompilerThread1" daemon [_thread_in_native, id=4224, stack(0x000000000b7e0000,0x000000000b8e0000)]

Stack: [0x000000000b7e0000,0x000000000b8e0000]
[error occurred during error reporting (printing stack bounds), id 0xc0000005]


Current CompileTask:
C2:   2972  203             com.android.dx.ssa.SCCP::run (298 bytes)


---------------  P R O C E S S  ---------------

Java Threads: ( => current thread )
  0x0000000009fe0000 JavaThread "pool-1-thread-4" [_thread_in_vm, id=7644, stack(0x000000000bc40000,0x000000000bd40000)]
  0x0000000009fdd000 JavaThread "pool-1-thread-3" [_thread_in_vm, id=9144, stack(0x000000000b160000,0x000000000b260000)]
  0x0000000009f92000 JavaThread "pool-1-thread-2" [_thread_in_Java, id=4968, stack(0x000000000b3c0000,0x000000000b4c0000)]
  0x0000000009f93000 JavaThread "pool-2-thread-1" [_thread_blocked, id=2588, stack(0x000000000be10000,0x000000000bf10000)]
  0x0000000009f88800 JavaThread "pool-1-thread-1" [_thread_in_Java, id=2452, stack(0x000000000b6e0000,0x000000000b7e0000)]
  0x0000000008e56800 JavaThread "Service Thread" daemon [_thread_blocked, id=5088, stack(0x000000000b8f0000,0x000000000b9f0000)]
=>0x0000000008e54800 JavaThread "C2 CompilerThread1" daemon [_thread_in_native, id=4224, stack(0x000000000b7e0000,0x000000000b8e0000)]
  0x0000000008e50800 JavaThread "C2 CompilerThread0" daemon [_thread_in_native, id=8596, stack(0x000000000b5d0000,0x000000000b6d0000)]
  0x0000000009dfe000 JavaThread "Attach Listener" daemon [_thread_blocked, id=4844, stack(0x000000000b4c0000,0x000000000b5c0000)]
  0x0000000009dfd800 JavaThread "Signal Dispatcher" daemon [_thread_blocked, id=2208, stack(0x000000000b280000,0x000000000b380000)]
  0x0000000008e40800 JavaThread "Finalizer" daemon [_thread_blocked, id=7816, stack(0x000000000b050000,0x000000000b150000)]
  0x0000000002387800 JavaThread "Reference Handler" daemon [_thread_blocked, id=7736, stack(0x000000000acf0000,0x000000000adf0000)]
  0x000000000247e800 JavaThread "main" [_thread_in_Java, id=8464, stack(0x0000000002580000,0x0000000002680000)]

Other Threads:
  0x0000000009da3800 VMThread [stack: 0x000000000ae80000,0x000000000af80000] [id=8660]
  0x0000000008e5e000 WatcherThread [stack: 0x000000000bae0000,0x000000000bbe0000] [id=8032]

VM state:not at safepoint (normal execution)

VM Mutex/Monitor currently owned by a thread: None

Heap
 PSYoungGen      total 76288K, used 49786K [0x00000000eaa80000, 0x00000000f3f80000, 0x0000000100000000)
  eden space 65536K, 59% used [0x00000000eaa80000,0x00000000ed0a34b8,0x00000000eea80000)
  from space 10752K, 99% used [0x00000000eea80000,0x00000000ef4fb6f8,0x00000000ef500000)
  to   space 10752K, 0% used [0x00000000f3500000,0x00000000f3500000,0x00000000f3f80000)
 ParOldGen       total 174080K, used 1045K [0x00000000c0000000, 0x00000000caa00000, 0x00000000eaa80000)
  object space 174080K, 0% used [0x00000000c0000000,0x00000000c0105480,0x00000000caa00000)
 PSPermGen       total 21504K, used 5915K [0x00000000bae00000, 0x00000000bc300000, 0x00000000c0000000)
  object space 21504K, 27% used [0x00000000bae00000,0x00000000bb3c6ce8,0x00000000bc300000)

Card table byte_map: [0x0000000005680000,0x00000000058b0000] byte_map_base: 0x00000000050a9000

Polling page: 0x0000000000140000

Code Cache  [0x0000000002680000, 0x00000000028f0000, 0x0000000005680000)
 total_blobs=481 nmethods=242 adapters=191 free_code_cache=48123Kb largest_free_block=49257728

Compilation events (10 events):
Event: 2.655 Thread 0x0000000008e50800 nmethod 237 0x000000000277bf90 code [0x000000000277c100, 0x000000000277c348]
Event: 2.655 Thread 0x0000000008e50800  238             com.android.dx.dex.code.CodeAddress::<init> (7 bytes)
Event: 2.656 Thread 0x0000000008e50800 nmethod 238 0x000000000277bcd0 code [0x000000000277be20, 0x000000000277beb8]
Event: 2.656 Thread 0x0000000008e50800  239             com.android.dx.dex.code.CodeAddress::<init> (11 bytes)
Event: 2.656 Thread 0x0000000008e50800 nmethod 239 0x000000000277ba10 code [0x000000000277bb60, 0x000000000277bbf8]
Event: 2.656 Thread 0x0000000008e50800  240             com.android.dx.rop.cst.Constant::compareTo (33 bytes)
Event: 2.657 Thread 0x0000000008e50800 nmethod 240 0x000000000277b510 code [0x000000000277b660, 0x000000000277b878]
Event: 2.657 Thread 0x0000000008e50800  241             com.android.dx.util.IntList::contains (14 bytes)
Event: 2.660 Thread 0x0000000008e50800 nmethod 241 0x000000000277afd0 code [0x000000000277b120, 0x000000000277b2d8]
Event: 2.660 Thread 0x0000000008e50800  242   !         com.android.dx.cf.code.Ropper::processBlock (1101 bytes)

GC Heap History (2 events):
Event: 2.220 GC heap before
{Heap before GC invocations=1 (full 0):
 PSYoungGen      total 76288K, used 65536K [0x00000000eaa80000, 0x00000000eff80000, 0x0000000100000000)
  eden space 65536K, 100% used [0x00000000eaa80000,0x00000000eea80000,0x00000000eea80000)
  from space 10752K, 0% used [0x00000000ef500000,0x00000000ef500000,0x00000000eff80000)
  to   space 10752K, 0% used [0x00000000eea80000,0x00000000eea80000,0x00000000ef500000)
 ParOldGen       total 174080K, used 0K [0x00000000c0000000, 0x00000000caa00000, 0x00000000eaa80000)
  object space 174080K, 0% used [0x00000000c0000000,0x00000000c0000000,0x00000000caa00000)
 PSPermGen       total 21504K, used 5880K [0x00000000bae00000, 0x00000000bc300000, 0x00000000c0000000)
  object space 21504K, 27% used [0x00000000bae00000,0x00000000bb3be228,0x00000000bc300000)
Event: 2.262 GC heap after
Heap after GC invocations=1 (full 0):
 PSYoungGen      total 76288K, used 10733K [0x00000000eaa80000, 0x00000000f3f80000, 0x0000000100000000)
  eden space 65536K, 0% used [0x00000000eaa80000,0x00000000eaa80000,0x00000000eea80000)
  from space 10752K, 99% used [0x00000000eea80000,0x00000000ef4fb6f8,0x00000000ef500000)
  to   space 10752K, 0% used [0x00000000f3500000,0x00000000f3500000,0x00000000f3f80000)
 ParOldGen       total 174080K, used 1045K [0x00000000c0000000, 0x00000000caa00000, 0x00000000eaa80000)
  object space 174080K, 0% used [0x00000000c0000000,0x00000000c0105480,0x00000000caa00000)
 PSPermGen       total 21504K, used 5880K [0x00000000bae00000, 0x00000000bc300000, 0x00000000c0000000)
  object space 21504K, 27% used [0x00000000bae00000,0x00000000bb3be228,0x00000000bc300000)
}

Deoptimization events (3 events):
Event: 1.762 Thread 0x0000000009f88800 Uncommon trap: reason=unreached action=reinterpret pc=0x000000000270a544 method=com.android.dx.rop.cst.Constant.compareTo(Lcom/android/dx/rop/cst/Constant;)I @ 12
Event: 1.943 Thread 0x0000000009f92000 Uncommon trap: reason=null_check action=make_not_entrant pc=0x0000000002743e58 method=com.android.dx.ssa.SsaRenamer.getLocalForNewReg(I)Lcom/android/dx/rop/code/LocalItem; @ 19
Event: 2.096 Thread 0x0000000009fe0000 Uncommon trap: reason=unreached action=reinterpret pc=0x000000000273a490 method=com.android.dx.ssa.LocalVariableExtractor.processBlock(I)V @ 251

Internal exceptions (10 events):
Event: 1.785 Thread 0x000000000247e800 Threw 0x00000000ec322de0 at C:\re\jdk7u79\2331\hotspot\src\share\vm\prims\jvm.cpp:1304
Event: 1.786 Thread 0x000000000247e800 Threw 0x00000000ec326c10 at C:\re\jdk7u79\2331\hotspot\src\share\vm\prims\jvm.cpp:1304
Event: 1.786 Thread 0x000000000247e800 Threw 0x00000000ec329028 at C:\re\jdk7u79\2331\hotspot\src\share\vm\prims\jvm.cpp:1304
Event: 1.933 Thread 0x000000000247e800 Threw 0x00000000ece95ff8 at C:\re\jdk7u79\2331\hotspot\src\share\vm\prims\jvm.cpp:1304
Event: 1.943 Thread 0x0000000009f92000 Implicit null exception at 0x00000000027424bd to 0x0000000002743e1d
Event: 1.945 Thread 0x0000000009fe0000 Threw 0x00000000ecd05688 at C:\re\jdk7u79\2331\hotspot\src\share\vm\prims\jvm.cpp:1304
Event: 1.946 Thread 0x0000000009fe0000 Threw 0x00000000ecd0aeb0 at C:\re\jdk7u79\2331\hotspot\src\share\vm\prims\jvm.cpp:1304
Event: 1.946 Thread 0x0000000009fe0000 Threw 0x00000000ecd10460 at C:\re\jdk7u79\2331\hotspot\src\share\vm\prims\jvm.cpp:1304
Event: 2.070 Thread 0x000000000247e800 Threw 0x00000000edb97178 at C:\re\jdk7u79\2331\hotspot\src\share\vm\prims\jvm.cpp:1304
Event: 2.439 Thread 0x0000000009f92000 Threw 0x00000000ebc47ec8 at C:\re\jdk7u79\2331\hotspot\src\share\vm\prims\jvm.cpp:1304

Events (10 events):
Event: 1.946 loading class 0x000000000a11cff0 done
Event: 2.070 loading class 0x0000000009e65c40
Event: 2.070 loading class 0x0000000009e65c40 done
Event: 2.096 Thread 0x0000000009fe0000 Uncommon trap: trap_request=0xffffffad fr.pc=0x000000000273a490
Event: 2.096 Thread 0x0000000009fe0000 DEOPT PACKING pc=0x000000000273a490 sp=0x000000000bd3e8e0
Event: 2.096 Thread 0x0000000009fe0000 DEOPT UNPACKING pc=0x00000000026b75a4 sp=0x000000000bd3e860 mode 2
Event: 2.219 Executing VM operation: ParallelGCFailedAllocation
Event: 2.262 Executing VM operation: ParallelGCFailedAllocation done
Event: 2.439 loading class 0x000000000a0080a0
Event: 2.439 loading class 0x000000000a0080a0 done


Dynamic libraries:
0x000000013fcc0000 - 0x000000013fcf3000 	C:\Program Files\Java\jdk1.7.0_79\bin\java.exe
0x0000000077c00000 - 0x0000000077da8000 	C:\Windows\SYSTEM32\ntdll.dll
0x00000000779e0000 - 0x0000000077aff000 	C:\Windows\system32\kernel32.dll
0x000007fefdcc0000 - 0x000007fefdd2c000 	C:\Windows\system32\KERNELBASE.dll
0x000007fefdd90000 - 0x000007fefde6b000 	C:\Windows\system32\ADVAPI32.dll
0x000007feffe70000 - 0x000007fefff0f000 	C:\Windows\system32\msvcrt.dll
0x000007fefde70000 - 0x000007fefde8f000 	C:\Windows\SYSTEM32\sechost.dll
0x000007feff850000 - 0x000007feff97d000 	C:\Windows\system32\RPCRT4.dll
0x0000000077b00000 - 0x0000000077bfa000 	C:\Windows\system32\USER32.dll
0x000007feffe00000 - 0x000007feffe67000 	C:\Windows\system32\GDI32.dll
0x000007fefdd80000 - 0x000007fefdd8e000 	C:\Windows\system32\LPK.dll
0x000007fefe640000 - 0x000007fefe709000 	C:\Windows\system32\USP10.dll
0x000007fefc3b0000 - 0x000007fefc5a4000 	C:\Windows\WinSxS\amd64_microsoft.windows.common-controls_6595b64144ccf1df_6.0.7601.18807_none_fa381d5f175bfb52\COMCTL32.dll
0x000007feffce0000 - 0x000007feffd51000 	C:\Windows\system32\SHLWAPI.dll
0x000007feffcb0000 - 0x000007feffcde000 	C:\Windows\system32\IMM32.DLL
0x000007fefdf20000 - 0x000007fefe029000 	C:\Windows\system32\MSCTF.dll
0x0000000078fd0000 - 0x00000000790a2000 	C:\Program Files\Java\jdk1.7.0_79\jre\bin\msvcr100.dll
0x000000006e2d0000 - 0x000000006eaa5000 	C:\Program Files\Java\jdk1.7.0_79\jre\bin\server\jvm.dll
0x000007fefb200000 - 0x000007fefb209000 	C:\Windows\system32\WSOCK32.dll
0x000007fefe710000 - 0x000007fefe75d000 	C:\Windows\system32\WS2_32.dll
0x000007fefde90000 - 0x000007fefde98000 	C:\Windows\system32\NSI.dll
0x000007fefa690000 - 0x000007fefa6cb000 	C:\Windows\system32\WINMM.dll
0x0000000077dc0000 - 0x0000000077dc7000 	C:\Windows\system32\PSAPI.DLL
0x00000000559b0000 - 0x00000000559bf000 	C:\Program Files\Java\jdk1.7.0_79\jre\bin\verify.dll
0x000000006ce00000 - 0x000000006ce28000 	C:\Program Files\Java\jdk1.7.0_79\jre\bin\java.dll
0x0000000055470000 - 0x0000000055485000 	C:\Program Files\Java\jdk1.7.0_79\jre\bin\zip.dll
0x0000000055540000 - 0x000000005555a000 	C:\Program Files\Java\jdk1.7.0_79\jre\bin\net.dll
0x000007fefd150000 - 0x000007fefd1a5000 	C:\Windows\system32\mswsock.dll
0x000007fefd460000 - 0x000007fefd467000 	C:\Windows\System32\wship6.dll
0x0000000002450000 - 0x0000000002461000 	C:\Program Files\Java\jdk1.7.0_79\jre\bin\nio.dll

VM Arguments:
jvm_args: -Djava.awt.headless=true -Xmx1024M -Dfile.encoding=x-windows-949 -Duser.country=KR -Duser.language=ko -Duser.variant 
java_command: com.android.dx.command.Main --dex --num-threads=4 --output D:\PhyctogramApp\phyctogramAnd\app\build\intermediates\pre-dexed\debug\com.android.support-support-v4-23.1.1_7c5fa828c068b649972f7dc7dc79b4828fcdacd0.jar D:\PhyctogramApp\phyctogramAnd\app\build\intermediates\exploded-aar\com.android.support\support-v4\23.1.1\jars\classes.jar
Launcher Type: SUN_STANDARD

Environment Variables:
JAVA_HOME=C:\Program Files\Java\jdk1.8.0_51
PATH=C:\ProgramData\Oracle\Java\javapath;C:\Program Files\Java\jdk1.8.0_51\bin;D:\androidApp;C:\Program Files (x86)\Intel\iCLS Client\;C:\Program Files\Intel\iCLS Client\;C:\Windows\system32;C:\Windows;C:\Windows\System32\Wbem;C:\Windows\System32\WindowsPowerShell\v1.0\;C:\Program Files (x86)\AMD\ATI.ACE\Core-Static;C:\Program Files\Intel\Intel(R) Management Engine Components\DAL;C:\Program Files (x86)\Intel\Intel(R) Management Engine Components\DAL;C:\Program Files\Intel\Intel(R) Management Engine Components\IPT;C:\Program Files (x86)\Intel\Intel(R) Management Engine Components\IPT;C:\Program Files (x86)\MySQL\MySQL Fabric 1.5.4 & MySQL Utilities 1.5.4 1.5\;C:\Program Files (x86)\MySQL\MySQL Fabric 1.5.4 & MySQL Utilities 1.5.4 1.5\Doctrine extensions for PHP\;C:\Program Files\SlikSvn\bin;C:\Program Files (x86)\VisualSVN\bin;C:\Program Files\TortoiseSVN\bin;C:\Program Files\nodejs\;C:\Program Files (x86)\Microsoft SQL Server\100\Tools\Binn\VSShell\Common7\IDE\;C:\Program Files (x86)\Microsoft SQL Server\100\Tools\Binn\;C:\Program Files\Microsoft SQL Server\100\Tools\Binn\;C:\Program Files (x86)\Microsoft SQL Server\100\DTS\Binn\;C:\Anaconda3;C:\Anaconda3\Scripts;C:\Anaconda3\Library\bin;C:\Users\sjw\AppData\Roaming\npm;C:\Program Files\MySQL\MySQL Server 5.6\bin
USERNAME=sjw
OS=Windows_NT
PROCESSOR_IDENTIFIER=Intel64 Family 6 Model 60 Stepping 3, GenuineIntel



---------------  S Y S T E M  ---------------

OS: Windows 7 , 64 bit Build 7601 Service Pack 1

CPU:total 8 (4 cores per cpu, 2 threads per core) family 6 model 60 stepping 3, cmov, cx8, fxsr, mmx, sse, sse2, sse3, ssse3, sse4.1, sse4.2, popcnt, avx, avx2, aes, erms, ht, tsc, tscinvbit

Memory: 4k page, physical 16716176k(3698792k free), swap 18811476k(7624k free)

vm_info: Java HotSpot(TM) 64-Bit Server VM (24.79-b02) for windows-amd64 JRE (1.7.0_79-b15), built on Apr 10 2015 12:36:16 by "java_re" with unknown MS VC++:1600

time: Fri Jun 24 13:32:11 2016
elapsed time: 2 seconds

