#
# There is insufficient memory for the Java Runtime Environment to continue.
# Native memory allocation (malloc) failed to allocate 1277136 bytes for Chunk::new
# Possible reasons:
#   The system is out of physical RAM or swap space
#   In 32 bit mode, the process size limit was hit
# Possible solutions:
#   Reduce memory load on the system
#   Increase physical memory or swap space
#   Check if swap backing store is full
#   Use 64 bit Java on a 64 bit OS
#   Decrease Java heap size (-Xmx/-Xms)
#   Decrease number of Java threads
#   Decrease Java thread stack sizes (-Xss)
#   Set larger code cache with -XX:ReservedCodeCacheSize=
# This output file may be truncated or incomplete.
#
#  Out of Memory Error (allocation.cpp:323), pid=7396, tid=8964
#
# JRE version: Java(TM) SE Runtime Environment (7.0_79-b15) (build 1.7.0_79-b15)
# Java VM: Java HotSpot(TM) 64-Bit Server VM (24.79-b02 mixed mode windows-amd64 compressed oops)
# Failed to write core dump. Minidumps are not enabled by default on client versions of Windows
#

---------------  T H R E A D  ---------------

Current thread (0x0000000008ea0800):  JavaThread "C2 CompilerThread0" daemon [_thread_in_native, id=8964, stack(0x000000000b660000,0x000000000b760000)]

Stack: [0x000000000b660000,0x000000000b760000]
[error occurred during error reporting (printing stack bounds), id 0xc0000005]


Current CompileTask:
C2:   5834  428   !         com.android.dx.cf.code.Ropper::processBlock (1101 bytes)


---------------  P R O C E S S  ---------------

Java Threads: ( => current thread )
  0x000000000a0c0800 JavaThread "pool-1-thread-4" [_thread_blocked, id=2480, stack(0x000000000c440000,0x000000000c540000)]
  0x000000000a0d1800 JavaThread "pool-1-thread-3" [_thread_in_Java, id=7308, stack(0x000000000c2d0000,0x000000000c3d0000)]
  0x000000000a037800 JavaThread "pool-1-thread-2" [_thread_blocked, id=3892, stack(0x000000000c0f0000,0x000000000c1f0000)]
  0x000000000a0d4800 JavaThread "pool-2-thread-1" [_thread_blocked, id=3512, stack(0x000000000bf40000,0x000000000c040000)]
  0x000000000a03a800 JavaThread "pool-1-thread-1" [_thread_blocked, id=4124, stack(0x000000000bcb0000,0x000000000bdb0000)]
  0x0000000009f58800 JavaThread "Service Thread" daemon [_thread_blocked, id=4144, stack(0x000000000b920000,0x000000000ba20000)]
  0x0000000008ea4000 JavaThread "C2 CompilerThread1" daemon [_thread_blocked, id=7564, stack(0x000000000b7f0000,0x000000000b8f0000)]
=>0x0000000008ea0800 JavaThread "C2 CompilerThread0" daemon [_thread_in_native, id=8964, stack(0x000000000b660000,0x000000000b760000)]
  0x0000000009f56000 JavaThread "Attach Listener" daemon [_thread_blocked, id=5724, stack(0x000000000b4f0000,0x000000000b5f0000)]
  0x0000000009f54000 JavaThread "Signal Dispatcher" daemon [_thread_blocked, id=2504, stack(0x000000000aee0000,0x000000000afe0000)]
  0x0000000008e90800 JavaThread "Finalizer" daemon [_thread_blocked, id=4600, stack(0x000000000b330000,0x000000000b430000)]
  0x00000000023c7000 JavaThread "Reference Handler" daemon [_thread_blocked, id=4228, stack(0x000000000b1c0000,0x000000000b2c0000)]
  0x000000000246e800 JavaThread "main" [_thread_blocked, id=1732, stack(0x0000000002790000,0x0000000002890000)]

Other Threads:
  0x0000000009f03800 VMThread [stack: 0x000000000b010000,0x000000000b110000] [id=5732]
  0x0000000009f61800 WatcherThread [stack: 0x000000000bb30000,0x000000000bc30000] [id=9184]

VM state:not at safepoint (normal execution)

VM Mutex/Monitor currently owned by a thread: None

Heap
 PSYoungGen      total 76288K, used 28272K [0x00000000eaa80000, 0x00000000eff80000, 0x0000000100000000)
  eden space 65536K, 26% used [0x00000000eaa80000,0x00000000ebba4170,0x00000000eea80000)
  from space 10752K, 99% used [0x00000000eea80000,0x00000000ef4f80b0,0x00000000ef500000)
  to   space 10752K, 0% used [0x00000000ef500000,0x00000000ef500000,0x00000000eff80000)
 ParOldGen       total 174080K, used 1205K [0x00000000c0000000, 0x00000000caa00000, 0x00000000eaa80000)
  object space 174080K, 0% used [0x00000000c0000000,0x00000000c012d560,0x00000000caa00000)
 PSPermGen       total 21504K, used 5856K [0x00000000bae00000, 0x00000000bc300000, 0x00000000c0000000)
  object space 21504K, 27% used [0x00000000bae00000,0x00000000bb3b8130,0x00000000bc300000)

Card table byte_map: [0x0000000005890000,0x0000000005ac0000] byte_map_base: 0x00000000052b9000

Polling page: 0x0000000001b60000

Code Cache  [0x0000000002890000, 0x0000000002b00000, 0x0000000005890000)
 total_blobs=669 nmethods=430 adapters=191 free_code_cache=47292Kb largest_free_block=48389952

Compilation events (10 events):
Event: 4.891 Thread 0x0000000008ea0800  427             com.android.dx.rop.code.RegisterSpec::<init> (48 bytes)
Event: 4.892 Thread 0x0000000008ea0800 nmethod 427 0x0000000002a4ca10 code [0x0000000002a4cb40, 0x0000000002a4cbd8]
Event: 4.892 Thread 0x0000000008ea4000 nmethod 425 0x0000000002a4e190 code [0x0000000002a4e300, 0x0000000002a4e4b8]
Event: 5.349 Thread 0x0000000008ea0800  428   !         com.android.dx.cf.code.Ropper::processBlock (1101 bytes)
Event: 5.366 Thread 0x0000000008ea4000  429   !         com.android.dx.rop.code.LocalVariableInfo::setStarts (40 bytes)
Event: 5.367 Thread 0x0000000008ea4000 nmethod 429 0x0000000002a4de50 code [0x0000000002a4dfa0, 0x0000000002a4e078]
Event: 5.368 Thread 0x0000000008ea4000  430             com.android.dx.rop.code.Insn$BaseVisitor::visitPlainInsn (1 bytes)
Event: 5.368 Thread 0x0000000008ea4000 nmethod 430 0x0000000002a4dc50 code [0x0000000002a4dd80, 0x0000000002a4ddd8]
Event: 5.368 Thread 0x0000000008ea4000  431             com.android.dx.dex.code.RopTranslator$LocalVariableAwareTranslationVisitor::visitPlainInsn (11 bytes)
Event: 5.374 Thread 0x0000000008ea4000 nmethod 431 0x0000000002a47e50 code [0x0000000002a48000, 0x0000000002a484e0]

GC Heap History (2 events):
Event: 2.674 GC heap before
{Heap before GC invocations=1 (full 0):
 PSYoungGen      total 76288K, used 65536K [0x00000000eaa80000, 0x00000000eff80000, 0x0000000100000000)
  eden space 65536K, 100% used [0x00000000eaa80000,0x00000000eea80000,0x00000000eea80000)
  from space 10752K, 0% used [0x00000000ef500000,0x00000000ef500000,0x00000000eff80000)
  to   space 10752K, 0% used [0x00000000eea80000,0x00000000eea80000,0x00000000ef500000)
 ParOldGen       total 174080K, used 0K [0x00000000c0000000, 0x00000000caa00000, 0x00000000eaa80000)
  object space 174080K, 0% used [0x00000000c0000000,0x00000000c0000000,0x00000000caa00000)
 PSPermGen       total 21504K, used 5833K [0x00000000bae00000, 0x00000000bc300000, 0x00000000c0000000)
  object space 21504K, 27% used [0x00000000bae00000,0x00000000bb3b27a8,0x00000000bc300000)
Event: 2.831 GC heap after
Heap after GC invocations=1 (full 0):
 PSYoungGen      total 76288K, used 10720K [0x00000000eaa80000, 0x00000000eff80000, 0x0000000100000000)
  eden space 65536K, 0% used [0x00000000eaa80000,0x00000000eaa80000,0x00000000eea80000)
  from space 10752K, 99% used [0x00000000eea80000,0x00000000ef4f80b0,0x00000000ef500000)
  to   space 10752K, 0% used [0x00000000ef500000,0x00000000ef500000,0x00000000eff80000)
 ParOldGen       total 174080K, used 1205K [0x00000000c0000000, 0x00000000caa00000, 0x00000000eaa80000)
  object space 174080K, 0% used [0x00000000c0000000,0x00000000c012d560,0x00000000caa00000)
 PSPermGen       total 21504K, used 5833K [0x00000000bae00000, 0x00000000bc300000, 0x00000000c0000000)
  object space 21504K, 27% used [0x00000000bae00000,0x00000000bb3b27a8,0x00000000bc300000)
}

Deoptimization events (10 events):
Event: 1.265 Thread 0x000000000a0c0800 Uncommon trap: reason=class_check action=maybe_recompile pc=0x0000000002907670 method=com.android.dx.ssa.NormalSsaInsn.accept(Lcom/android/dx/ssa/SsaInsn$Visitor;)V @ 9
Event: 1.290 Thread 0x000000000a0d1800 Uncommon trap: reason=null_check action=make_not_entrant pc=0x0000000002915f24 method=com.android.dx.rop.code.LocalItem.equals(Ljava/lang/Object;)Z @ 1
Event: 1.729 Thread 0x000000000a037800 Uncommon trap: reason=null_check action=make_not_entrant pc=0x0000000002949468 method=com.android.dx.rop.code.RegisterSpec.equals(Ljava/lang/Object;)Z @ 1
Event: 1.797 Thread 0x000000000a037800 Uncommon trap: reason=null_check action=make_not_entrant pc=0x0000000002932814 method=com.android.dx.rop.type.Type.equals(Ljava/lang/Object;)Z @ 8
Event: 2.081 Thread 0x000000000a03a800 Uncommon trap: reason=null_check action=make_not_entrant pc=0x00000000029517bc method=com.android.dx.ssa.SsaRenamer.getLocalForNewReg(I)Lcom/android/dx/rop/code/LocalItem; @ 19
Event: 2.477 Thread 0x000000000a037800 Uncommon trap: reason=unreached action=reinterpret pc=0x000000000298c45c method=com.android.dx.cf.code.Ropper.processBlock(Lcom/android/dx/cf/code/ByteBlock;Lcom/android/dx/cf/code/Frame;[I)V @ 963
Event: 2.548 Thread 0x000000000246e800 Uncommon trap: reason=null_check action=make_not_entrant pc=0x00000000029ab35c method=com.android.dx.rop.type.Type.putIntern(Lcom/android/dx/rop/type/Type;)Lcom/android/dx/rop/type/Type; @ 18
Event: 3.690 Thread 0x000000000a0d1800 Uncommon trap: reason=null_check action=make_not_entrant pc=0x0000000002a050ec method=com.android.dx.dex.file.FieldIdsSection.intern(Lcom/android/dx/rop/cst/CstFieldRef;)Lcom/android/dx/dex/file/FieldIdItem; @ 26
Event: 4.568 Thread 0x000000000a0c0800 Uncommon trap: reason=null_check action=make_not_entrant pc=0x0000000002a54e64 method=com.android.dx.cf.code.Ropper$CatchInfo.getSetup(Lcom/android/dx/rop/type/Type;)Lcom/android/dx/cf/code/Ropper$ExceptionHandlerSetup; @ 10
Event: 5.351 Thread 0x000000000a037800 Uncommon trap: reason=unreached action=reinterpret pc=0x000000000290d4c4 method=com.android.dx.rop.cst.Constant.compareTo(Lcom/android/dx/rop/cst/Constant;)I @ 12

Internal exceptions (10 events):
Event: 1.290 Thread 0x000000000a0d1800 Implicit null exception at 0x0000000002915b21 to 0x0000000002915f0d
Event: 1.729 Thread 0x000000000a037800 Implicit null exception at 0x000000000294840a to 0x000000000294943d
Event: 1.797 Thread 0x000000000a037800 Implicit null exception at 0x0000000002932712 to 0x0000000002932805
Event: 2.081 Thread 0x000000000a03a800 Implicit null exception at 0x0000000002950458 to 0x0000000002951791
Event: 2.265 Thread 0x000000000a037800 Threw 0x00000000ecc3a1c8 at C:\re\jdk7u79\2331\hotspot\src\share\vm\prims\jvm.cpp:1304
Event: 2.274 Thread 0x000000000a0d1800 Threw 0x00000000ecbc2020 at C:\re\jdk7u79\2331\hotspot\src\share\vm\prims\jvm.cpp:1304
Event: 2.548 Thread 0x000000000246e800 Implicit null exception at 0x00000000029aac6b to 0x00000000029ab34d
Event: 4.568 Thread 0x000000000a0c0800 Implicit null exception at 0x0000000002a5110c to 0x0000000002a54e11
Event: 4.891 Thread 0x000000000a03a800 Threw 0x00000000eb676360 at C:\re\jdk7u79\2331\hotspot\src\share\vm\prims\jvm.cpp:1304
Event: 5.373 Thread 0x000000000246e800 Threw 0x00000000eaec07d8 at C:\re\jdk7u79\2331\hotspot\src\share\vm\prims\jvm.cpp:1304

Events (10 events):
Event: 4.568 Thread 0x000000000a0c0800 Uncommon trap: trap_request=0xfffffff4 fr.pc=0x0000000002a54e64
Event: 4.568 Thread 0x000000000a0c0800 DEOPT PACKING pc=0x0000000002a54e64 sp=0x000000000c53ecd0
Event: 4.568 Thread 0x000000000a0c0800 DEOPT UNPACKING pc=0x00000000028c75a4 sp=0x000000000c53ec38 mode 2
Event: 4.891 loading class 0x000000000a133af0
Event: 4.891 loading class 0x000000000a133af0 done
Event: 5.351 Thread 0x000000000a037800 Uncommon trap: trap_request=0xffffffad fr.pc=0x000000000290d4c4
Event: 5.351 Thread 0x000000000a037800 DEOPT PACKING pc=0x000000000290d4c4 sp=0x000000000c1ee620
Event: 5.351 Thread 0x000000000a037800 DEOPT UNPACKING pc=0x00000000028c75a4 sp=0x000000000c1ee5c0 mode 2
Event: 5.373 loading class 0x0000000009fc6210
Event: 5.373 loading class 0x0000000009fc6210 done


Dynamic libraries:
0x000000013fcc0000 - 0x000000013fcf3000 	C:\Program Files\Java\jdk1.7.0_79\bin\java.exe
0x0000000077c00000 - 0x0000000077da8000 	C:\Windows\SYSTEM32\ntdll.dll
0x00000000779e0000 - 0x0000000077aff000 	C:\Windows\system32\kernel32.dll
0x000007fefdcc0000 - 0x000007fefdd2c000 	C:\Windows\system32\KERNELBASE.dll
0x000007fefdd90000 - 0x000007fefde6b000 	C:\Windows\system32\ADVAPI32.dll
0x000007feffe70000 - 0x000007fefff0f000 	C:\Windows\system32\msvcrt.dll
0x000007fefde70000 - 0x000007fefde8f000 	C:\Windows\SYSTEM32\sechost.dll
0x000007feff850000 - 0x000007feff97d000 	C:\Windows\system32\RPCRT4.dll
0x0000000077b00000 - 0x0000000077bfa000 	C:\Windows\system32\USER32.dll
0x000007feffe00000 - 0x000007feffe67000 	C:\Windows\system32\GDI32.dll
0x000007fefdd80000 - 0x000007fefdd8e000 	C:\Windows\system32\LPK.dll
0x000007fefe640000 - 0x000007fefe709000 	C:\Windows\system32\USP10.dll
0x000007fefc3b0000 - 0x000007fefc5a4000 	C:\Windows\WinSxS\amd64_microsoft.windows.common-controls_6595b64144ccf1df_6.0.7601.18807_none_fa381d5f175bfb52\COMCTL32.dll
0x000007feffce0000 - 0x000007feffd51000 	C:\Windows\system32\SHLWAPI.dll
0x000007feffcb0000 - 0x000007feffcde000 	C:\Windows\system32\IMM32.DLL
0x000007fefdf20000 - 0x000007fefe029000 	C:\Windows\system32\MSCTF.dll
0x0000000078fd0000 - 0x00000000790a2000 	C:\Program Files\Java\jdk1.7.0_79\jre\bin\msvcr100.dll
0x000000006e2d0000 - 0x000000006eaa5000 	C:\Program Files\Java\jdk1.7.0_79\jre\bin\server\jvm.dll
0x000007fefb200000 - 0x000007fefb209000 	C:\Windows\system32\WSOCK32.dll
0x000007fefe710000 - 0x000007fefe75d000 	C:\Windows\system32\WS2_32.dll
0x000007fefde90000 - 0x000007fefde98000 	C:\Windows\system32\NSI.dll
0x000007fefa690000 - 0x000007fefa6cb000 	C:\Windows\system32\WINMM.dll
0x0000000077dc0000 - 0x0000000077dc7000 	C:\Windows\system32\PSAPI.DLL
0x00000000559b0000 - 0x00000000559bf000 	C:\Program Files\Java\jdk1.7.0_79\jre\bin\verify.dll
0x000000006ce00000 - 0x000000006ce28000 	C:\Program Files\Java\jdk1.7.0_79\jre\bin\java.dll
0x0000000055470000 - 0x0000000055485000 	C:\Program Files\Java\jdk1.7.0_79\jre\bin\zip.dll
0x0000000055540000 - 0x000000005555a000 	C:\Program Files\Java\jdk1.7.0_79\jre\bin\net.dll
0x000007fefd150000 - 0x000007fefd1a5000 	C:\Windows\system32\mswsock.dll
0x000007fefd460000 - 0x000007fefd467000 	C:\Windows\System32\wship6.dll
0x00000000023d0000 - 0x00000000023e1000 	C:\Program Files\Java\jdk1.7.0_79\jre\bin\nio.dll

VM Arguments:
jvm_args: -Xmx1024M -Dfile.encoding=x-windows-949 -Duser.country=KR -Duser.language=ko -Duser.variant 
java_command: com.android.dx.command.Main --dex --num-threads=4 --output D:\PhyctogramApp\phyctogramAnd\app\build\intermediates\pre-dexed\debug\gson-2.3.1-e18638af5da499b04feae98c473bff964158e271.jar C:\Users\sjw\.gradle\caches\modules-2\files-2.1\com.google.code.gson\gson\2.3.1\ecb6e1f8e4b0e84c4b886c2f14a1500caf309757\gson-2.3.1.jar
Launcher Type: SUN_STANDARD

Environment Variables:
JAVA_HOME=C:\Program Files\Java\jdk1.8.0_51
PATH=C:\ProgramData\Oracle\Java\javapath;C:\Program Files\Java\jdk1.8.0_51\bin;D:\androidApp;C:\Program Files (x86)\Intel\iCLS Client\;C:\Program Files\Intel\iCLS Client\;C:\Windows\system32;C:\Windows;C:\Windows\System32\Wbem;C:\Windows\System32\WindowsPowerShell\v1.0\;C:\Program Files (x86)\AMD\ATI.ACE\Core-Static;C:\Program Files\Intel\Intel(R) Management Engine Components\DAL;C:\Program Files (x86)\Intel\Intel(R) Management Engine Components\DAL;C:\Program Files\Intel\Intel(R) Management Engine Components\IPT;C:\Program Files (x86)\Intel\Intel(R) Management Engine Components\IPT;C:\Program Files (x86)\MySQL\MySQL Fabric 1.5.4 & MySQL Utilities 1.5.4 1.5\;C:\Program Files (x86)\MySQL\MySQL Fabric 1.5.4 & MySQL Utilities 1.5.4 1.5\Doctrine extensions for PHP\;C:\Program Files\SlikSvn\bin;C:\Program Files (x86)\VisualSVN\bin;C:\Program Files\TortoiseSVN\bin;C:\Program Files\nodejs\;C:\Program Files (x86)\Microsoft SQL Server\100\Tools\Binn\VSShell\Common7\IDE\;C:\Program Files (x86)\Microsoft SQL Server\100\Tools\Binn\;C:\Program Files\Microsoft SQL Server\100\Tools\Binn\;C:\Program Files (x86)\Microsoft SQL Server\100\DTS\Binn\;C:\Anaconda3;C:\Anaconda3\Scripts;C:\Anaconda3\Library\bin;C:\Users\sjw\AppData\Roaming\npm;C:\Program Files\MySQL\MySQL Server 5.6\bin
USERNAME=sjw
OS=Windows_NT
PROCESSOR_IDENTIFIER=Intel64 Family 6 Model 60 Stepping 3, GenuineIntel



---------------  S Y S T E M  ---------------

OS: Windows 7 , 64 bit Build 7601 Service Pack 1

CPU:total 8 (4 cores per cpu, 2 threads per core) family 6 model 60 stepping 3, cmov, cx8, fxsr, mmx, sse, sse2, sse3, ssse3, sse4.1, sse4.2, popcnt, avx, avx2, aes, erms, ht, tsc, tscinvbit

Memory: 4k page, physical 16716176k(4005284k free), swap 18811476k(5788k free)

vm_info: Java HotSpot(TM) 64-Bit Server VM (24.79-b02) for windows-amd64 JRE (1.7.0_79-b15), built on Apr 10 2015 12:36:16 by "java_re" with unknown MS VC++:1600

time: Fri Jun 24 13:11:47 2016
elapsed time: 5 seconds

