#
# There is insufficient memory for the Java Runtime Environment to continue.
# Native memory allocation (malloc) failed to allocate 32744 bytes for ChunkPool::allocate
# Possible reasons:
#   The system is out of physical RAM or swap space
#   In 32 bit mode, the process size limit was hit
# Possible solutions:
#   Reduce memory load on the system
#   Increase physical memory or swap space
#   Check if swap backing store is full
#   Use 64 bit Java on a 64 bit OS
#   Decrease Java heap size (-Xmx/-Xms)
#   Decrease number of Java threads
#   Decrease Java thread stack sizes (-Xss)
#   Set larger code cache with -XX:ReservedCodeCacheSize=
# This output file may be truncated or incomplete.
#
#  Out of Memory Error (allocation.cpp:211), pid=7216, tid=8684
#
# JRE version: Java(TM) SE Runtime Environment (7.0_79-b15) (build 1.7.0_79-b15)
# Java VM: Java HotSpot(TM) 64-Bit Server VM (24.79-b02 mixed mode windows-amd64 compressed oops)
# Failed to write core dump. Minidumps are not enabled by default on client versions of Windows
#

---------------  T H R E A D  ---------------

Current thread (0x0000000009d78000):  JavaThread "C2 CompilerThread1" daemon [_thread_in_native, id=8684, stack(0x000000000b790000,0x000000000b890000)]

Stack: [0x000000000b790000,0x000000000b890000]
[error occurred during error reporting (printing stack bounds), id 0xc0000005]


Current CompileTask:
C2:   5537  372             com.android.dx.ssa.PhiTypeResolver::run (179 bytes)


---------------  P R O C E S S  ---------------

Java Threads: ( => current thread )
  0x0000000009f8c800 JavaThread "pool-1-thread-4" [_thread_blocked, id=2648, stack(0x000000000b0c0000,0x000000000b1c0000)]
  0x0000000009fa3000 JavaThread "pool-1-thread-3" [_thread_blocked, id=7724, stack(0x000000000bfa0000,0x000000000c0a0000)]
  0x0000000009f9e800 JavaThread "pool-1-thread-2" [_thread_blocked, id=4532, stack(0x000000000aca0000,0x000000000ada0000)]
  0x0000000009f92800 JavaThread "pool-2-thread-1" [_thread_blocked, id=7672, stack(0x000000000b310000,0x000000000b410000)]
  0x0000000009ff1800 JavaThread "pool-1-thread-1" [_thread_blocked, id=8292, stack(0x000000000be60000,0x000000000bf60000)]
  0x0000000009d7a000 JavaThread "Service Thread" daemon [_thread_blocked, id=8260, stack(0x000000000b930000,0x000000000ba30000)]
=>0x0000000009d78000 JavaThread "C2 CompilerThread1" daemon [_thread_in_native, id=8684, stack(0x000000000b790000,0x000000000b890000)]
  0x0000000008cc2000 JavaThread "C2 CompilerThread0" daemon [_thread_in_native, id=9180, stack(0x000000000b600000,0x000000000b700000)]
  0x0000000008cc1000 JavaThread "Attach Listener" daemon [_thread_blocked, id=7284, stack(0x000000000b410000,0x000000000b510000)]
  0x0000000009d76000 JavaThread "Signal Dispatcher" daemon [_thread_blocked, id=5260, stack(0x000000000aec0000,0x000000000afc0000)]
  0x0000000008cb0800 JavaThread "Finalizer" daemon [_thread_blocked, id=8136, stack(0x000000000b200000,0x000000000b300000)]
  0x0000000002447800 JavaThread "Reference Handler" daemon [_thread_blocked, id=2416, stack(0x000000000afc0000,0x000000000b0c0000)]
  0x000000000008e800 JavaThread "main" [_thread_blocked, id=8084, stack(0x0000000002550000,0x0000000002650000)]

Other Threads:
  0x0000000009d23800 VMThread [stack: 0x000000000adc0000,0x000000000aec0000] [id=3820]
  0x0000000009d83000 WatcherThread [stack: 0x000000000bb30000,0x000000000bc30000] [id=3648]

VM state:not at safepoint (normal execution)

VM Mutex/Monitor currently owned by a thread: None

Heap
 PSYoungGen      total 76288K, used 15759K [0x00000000eaa80000, 0x00000000f3f80000, 0x0000000100000000)
  eden space 65536K, 7% used [0x00000000eaa80000,0x00000000eaf67ba8,0x00000000eea80000)
  from space 10752K, 99% used [0x00000000ef500000,0x00000000eff7c288,0x00000000eff80000)
  to   space 10752K, 0% used [0x00000000eea80000,0x00000000eea80000,0x00000000ef500000)
 ParOldGen       total 174080K, used 10562K [0x00000000c0000000, 0x00000000caa00000, 0x00000000eaa80000)
  object space 174080K, 6% used [0x00000000c0000000,0x00000000c0a50898,0x00000000caa00000)
 PSPermGen       total 21504K, used 5898K [0x00000000bae00000, 0x00000000bc300000, 0x00000000c0000000)
  object space 21504K, 27% used [0x00000000bae00000,0x00000000bb3c2910,0x00000000bc300000)

Card table byte_map: [0x0000000005650000,0x0000000005880000] byte_map_base: 0x0000000005079000

Polling page: 0x00000000004c0000

Code Cache  [0x0000000002650000, 0x00000000028c0000, 0x0000000005650000)
 total_blobs=612 nmethods=373 adapters=191 free_code_cache=47527Kb largest_free_block=48630528

Compilation events (10 events):
Event: 5.452 Thread 0x0000000009d78000 nmethod 369 0x00000000027c1f50 code [0x00000000027c2080, 0x00000000027c20d8]
Event: 5.452 Thread 0x0000000009d78000  370             com.android.dx.rop.cst.TypedConstant::<init> (5 bytes)
Event: 5.452 Thread 0x0000000009d78000 nmethod 370 0x0000000002722c50 code [0x0000000002722d80, 0x0000000002722dd8]
Event: 5.452 Thread 0x0000000009d78000  371   !         com.android.dx.rop.cst.StdConstantPool::get (24 bytes)
Event: 5.452 Thread 0x0000000009d78000 nmethod 371 0x00000000027cccd0 code [0x00000000027cce00, 0x00000000027cce98]
Event: 5.453 Thread 0x0000000009d78000  372             com.android.dx.ssa.PhiTypeResolver::run (179 bytes)
Event: 5.454 Thread 0x0000000008cc2000 nmethod 367 0x00000000027d7150 code [0x00000000027d73a0, 0x00000000027d7908]
Event: 5.454 Thread 0x0000000008cc2000  373             com.android.dx.cf.code.Merger::mergeLocals (122 bytes)
Event: 5.491 Thread 0x0000000008cc2000 nmethod 373 0x00000000027ed3d0 code [0x00000000027ed620, 0x00000000027ee430]
Event: 5.491 Thread 0x0000000008cc2000  374   !         com.android.dx.cf.code.RopperMachine::run (1550 bytes)

GC Heap History (4 events):
Event: 2.817 GC heap before
{Heap before GC invocations=1 (full 0):
 PSYoungGen      total 76288K, used 65536K [0x00000000eaa80000, 0x00000000eff80000, 0x0000000100000000)
  eden space 65536K, 100% used [0x00000000eaa80000,0x00000000eea80000,0x00000000eea80000)
  from space 10752K, 0% used [0x00000000ef500000,0x00000000ef500000,0x00000000eff80000)
  to   space 10752K, 0% used [0x00000000eea80000,0x00000000eea80000,0x00000000ef500000)
 ParOldGen       total 174080K, used 0K [0x00000000c0000000, 0x00000000caa00000, 0x00000000eaa80000)
  object space 174080K, 0% used [0x00000000c0000000,0x00000000c0000000,0x00000000caa00000)
 PSPermGen       total 21504K, used 5836K [0x00000000bae00000, 0x00000000bc300000, 0x00000000c0000000)
  object space 21504K, 27% used [0x00000000bae00000,0x00000000bb3b3020,0x00000000bc300000)
Event: 3.314 GC heap after
Heap after GC invocations=1 (full 0):
 PSYoungGen      total 76288K, used 10732K [0x00000000eaa80000, 0x00000000eff80000, 0x0000000100000000)
  eden space 65536K, 0% used [0x00000000eaa80000,0x00000000eaa80000,0x00000000eea80000)
  from space 10752K, 99% used [0x00000000eea80000,0x00000000ef4fb3e0,0x00000000ef500000)
  to   space 10752K, 0% used [0x00000000ef500000,0x00000000ef500000,0x00000000eff80000)
 ParOldGen       total 174080K, used 1166K [0x00000000c0000000, 0x00000000caa00000, 0x00000000eaa80000)
  object space 174080K, 0% used [0x00000000c0000000,0x00000000c0123800,0x00000000caa00000)
 PSPermGen       total 21504K, used 5836K [0x00000000bae00000, 0x00000000bc300000, 0x00000000c0000000)
  object space 21504K, 27% used [0x00000000bae00000,0x00000000bb3b3020,0x00000000bc300000)
}
Event: 4.262 GC heap before
{Heap before GC invocations=2 (full 0):
 PSYoungGen      total 76288K, used 76268K [0x00000000eaa80000, 0x00000000eff80000, 0x0000000100000000)
  eden space 65536K, 100% used [0x00000000eaa80000,0x00000000eea80000,0x00000000eea80000)
  from space 10752K, 99% used [0x00000000eea80000,0x00000000ef4fb3e0,0x00000000ef500000)
  to   space 10752K, 0% used [0x00000000ef500000,0x00000000ef500000,0x00000000eff80000)
 ParOldGen       total 174080K, used 1166K [0x00000000c0000000, 0x00000000caa00000, 0x00000000eaa80000)
  object space 174080K, 0% used [0x00000000c0000000,0x00000000c0123800,0x00000000caa00000)
 PSPermGen       total 21504K, used 5896K [0x00000000bae00000, 0x00000000bc300000, 0x00000000c0000000)
  object space 21504K, 27% used [0x00000000bae00000,0x00000000bb3c2370,0x00000000bc300000)
Event: 5.339 GC heap after
Heap after GC invocations=2 (full 0):
 PSYoungGen      total 76288K, used 10736K [0x00000000eaa80000, 0x00000000f3f80000, 0x0000000100000000)
  eden space 65536K, 0% used [0x00000000eaa80000,0x00000000eaa80000,0x00000000eea80000)
  from space 10752K, 99% used [0x00000000ef500000,0x00000000eff7c288,0x00000000eff80000)
  to   space 10752K, 0% used [0x00000000eea80000,0x00000000eea80000,0x00000000ef500000)
 ParOldGen       total 174080K, used 10562K [0x00000000c0000000, 0x00000000caa00000, 0x00000000eaa80000)
  object space 174080K, 6% used [0x00000000c0000000,0x00000000c0a50898,0x00000000caa00000)
 PSPermGen       total 21504K, used 5896K [0x00000000bae00000, 0x00000000bc300000, 0x00000000c0000000)
  object space 21504K, 27% used [0x00000000bae00000,0x00000000bb3c2370,0x00000000bc300000)
}

Deoptimization events (10 events):
Event: 3.571 Thread 0x000000000008e800 Uncommon trap: reason=null_check action=make_not_entrant pc=0x00000000027433b4 method=com.android.dx.rop.type.Type.putIntern(Lcom/android/dx/rop/type/Type;)Lcom/android/dx/rop/type/Type; @ 18
Event: 3.625 Thread 0x0000000009ff1800 Uncommon trap: reason=uninitialized action=reinterpret pc=0x0000000002760d28 method=com.android.dx.cf.code.BytecodeArray.parseInstruction(ILcom/android/dx/cf/code/BytecodeArray$Visitor;)I @ 1047
Event: 3.675 Thread 0x0000000009f9e800 Uncommon trap: reason=null_check action=make_not_entrant pc=0x000000000277d008 method=com.android.dx.cf.code.Ropper$CatchInfo.getSetup(Lcom/android/dx/rop/type/Type;)Lcom/android/dx/cf/code/Ropper$ExceptionHandlerSetup; @ 10
Event: 3.676 Thread 0x0000000009f9e800 Uncommon trap: reason=class_check action=maybe_recompile pc=0x00000000027397b4 method=com.android.dx.ssa.SCCP.simulatePhi(Lcom/android/dx/ssa/PhiInsn;)V @ 124
Event: 3.816 Thread 0x0000000009fa3000 Uncommon trap: reason=class_check action=maybe_recompile pc=0x00000000027397b4 method=com.android.dx.ssa.SCCP.simulatePhi(Lcom/android/dx/ssa/PhiInsn;)V @ 124
Event: 4.038 Thread 0x0000000009fa3000 Uncommon trap: reason=class_check action=maybe_recompile pc=0x0000000002739af4 method=com.android.dx.ssa.SCCP.simulatePhi(Lcom/android/dx/ssa/PhiInsn;)V @ 124
Event: 4.104 Thread 0x0000000009f9e800 Uncommon trap: reason=unreached action=reinterpret pc=0x00000000026f2730 method=com.android.dx.ssa.SsaConverter.placePhiFunctions(Lcom/android/dx/ssa/SsaMethod;Lcom/android/dx/ssa/LocalVariableInfo;I)V @ 327
Event: 4.104 Thread 0x0000000009f9e800 Uncommon trap: reason=null_check action=make_not_entrant pc=0x000000000271858c method=com.android.dx.ssa.SsaRenamer.getLocalForNewReg(I)Lcom/android/dx/rop/code/LocalItem; @ 19
Event: 4.104 Thread 0x0000000009f9e800 Uncommon trap: reason=null_check action=make_not_entrant pc=0x000000000271b610 method=com.android.dx.ssa.SsaRenamer.getLocalForNewReg(I)Lcom/android/dx/rop/code/LocalItem; @ 19
Event: 4.169 Thread 0x0000000009f9e800 Uncommon trap: reason=unreached action=reinterpret pc=0x00000000027ab02c method=com.android.dx.ssa.MoveParamCombiner$1.visitNonMoveInsn(Lcom/android/dx/ssa/NormalSsaInsn;)V @ 27

Internal exceptions (10 events):
Event: 2.274 Thread 0x000000000008e800 Threw 0x00000000ec08b1c8 at C:\re\jdk7u79\2331\hotspot\src\share\vm\prims\jvm.cpp:1304
Event: 2.274 Thread 0x000000000008e800 Threw 0x00000000ec08d588 at C:\re\jdk7u79\2331\hotspot\src\share\vm\prims\jvm.cpp:1304
Event: 2.407 Thread 0x0000000009ff1800 Implicit null exception at 0x00000000026d2cae to 0x00000000026d3471
Event: 2.564 Thread 0x0000000009f9e800 Threw 0x00000000ec7dbca0 at C:\re\jdk7u79\2331\hotspot\src\share\vm\prims\jvm.cpp:1304
Event: 2.591 Thread 0x0000000009fa3000 Implicit null exception at 0x0000000002727245 to 0x000000000272816d
Event: 3.571 Thread 0x000000000008e800 Implicit null exception at 0x0000000002742c9f to 0x00000000027433a5
Event: 3.675 Thread 0x0000000009f9e800 Implicit null exception at 0x00000000027790f0 to 0x000000000277cfad
Event: 3.921 Thread 0x0000000009f9e800 Threw 0x00000000ec62ebf0 at C:\re\jdk7u79\2331\hotspot\src\share\vm\prims\jvm.cpp:1304
Event: 4.104 Thread 0x0000000009f9e800 Implicit null exception at 0x0000000002717940 to 0x0000000002718571
Event: 4.104 Thread 0x0000000009f9e800 Implicit null exception at 0x000000000271aace to 0x000000000271b5f5

Events (10 events):
Event: 4.104 Thread 0x0000000009f9e800 DEOPT PACKING pc=0x000000000271858c sp=0x000000000ad9e910
Event: 4.104 Thread 0x0000000009f9e800 DEOPT UNPACKING pc=0x00000000026875a4 sp=0x000000000ad9e708 mode 2
Event: 4.104 Thread 0x0000000009f9e800 Uncommon trap: trap_request=0xfffffff4 fr.pc=0x000000000271b610
Event: 4.104 Thread 0x0000000009f9e800 DEOPT PACKING pc=0x000000000271b610 sp=0x000000000ad9e890
Event: 4.104 Thread 0x0000000009f9e800 DEOPT UNPACKING pc=0x00000000026875a4 sp=0x000000000ad9e6f8 mode 2
Event: 4.169 Thread 0x0000000009f9e800 Uncommon trap: trap_request=0xffffffad fr.pc=0x00000000027ab02c
Event: 4.169 Thread 0x0000000009f9e800 DEOPT PACKING pc=0x00000000027ab02c sp=0x000000000ad9e880
Event: 4.169 Thread 0x0000000009f9e800 DEOPT UNPACKING pc=0x00000000026875a4 sp=0x000000000ad9e7e8 mode 2
Event: 4.201 Executing VM operation: ParallelGCFailedAllocation
Event: 5.339 Executing VM operation: ParallelGCFailedAllocation done


Dynamic libraries:
0x000000013fcc0000 - 0x000000013fcf3000 	C:\Program Files\Java\jdk1.7.0_79\bin\java.exe
0x0000000077c00000 - 0x0000000077da8000 	C:\Windows\SYSTEM32\ntdll.dll
0x00000000779e0000 - 0x0000000077aff000 	C:\Windows\system32\kernel32.dll
0x000007fefdcc0000 - 0x000007fefdd2c000 	C:\Windows\system32\KERNELBASE.dll
0x000007fefdd90000 - 0x000007fefde6b000 	C:\Windows\system32\ADVAPI32.dll
0x000007feffe70000 - 0x000007fefff0f000 	C:\Windows\system32\msvcrt.dll
0x000007fefde70000 - 0x000007fefde8f000 	C:\Windows\SYSTEM32\sechost.dll
0x000007feff850000 - 0x000007feff97d000 	C:\Windows\system32\RPCRT4.dll
0x0000000077b00000 - 0x0000000077bfa000 	C:\Windows\system32\USER32.dll
0x000007feffe00000 - 0x000007feffe67000 	C:\Windows\system32\GDI32.dll
0x000007fefdd80000 - 0x000007fefdd8e000 	C:\Windows\system32\LPK.dll
0x000007fefe640000 - 0x000007fefe709000 	C:\Windows\system32\USP10.dll
0x000007fefc3b0000 - 0x000007fefc5a4000 	C:\Windows\WinSxS\amd64_microsoft.windows.common-controls_6595b64144ccf1df_6.0.7601.18807_none_fa381d5f175bfb52\COMCTL32.dll
0x000007feffce0000 - 0x000007feffd51000 	C:\Windows\system32\SHLWAPI.dll
0x000007feffcb0000 - 0x000007feffcde000 	C:\Windows\system32\IMM32.DLL
0x000007fefdf20000 - 0x000007fefe029000 	C:\Windows\system32\MSCTF.dll
0x0000000078fd0000 - 0x00000000790a2000 	C:\Program Files\Java\jdk1.7.0_79\jre\bin\msvcr100.dll
0x000000006e2d0000 - 0x000000006eaa5000 	C:\Program Files\Java\jdk1.7.0_79\jre\bin\server\jvm.dll
0x000007fefb200000 - 0x000007fefb209000 	C:\Windows\system32\WSOCK32.dll
0x000007fefe710000 - 0x000007fefe75d000 	C:\Windows\system32\WS2_32.dll
0x000007fefde90000 - 0x000007fefde98000 	C:\Windows\system32\NSI.dll
0x000007fefa690000 - 0x000007fefa6cb000 	C:\Windows\system32\WINMM.dll
0x0000000077dc0000 - 0x0000000077dc7000 	C:\Windows\system32\PSAPI.DLL
0x00000000559b0000 - 0x00000000559bf000 	C:\Program Files\Java\jdk1.7.0_79\jre\bin\verify.dll
0x000000006ce00000 - 0x000000006ce28000 	C:\Program Files\Java\jdk1.7.0_79\jre\bin\java.dll
0x0000000055470000 - 0x0000000055485000 	C:\Program Files\Java\jdk1.7.0_79\jre\bin\zip.dll
0x0000000055540000 - 0x000000005555a000 	C:\Program Files\Java\jdk1.7.0_79\jre\bin\net.dll
0x000007fefd150000 - 0x000007fefd1a5000 	C:\Windows\system32\mswsock.dll
0x000007fefd460000 - 0x000007fefd467000 	C:\Windows\System32\wship6.dll
0x0000000002520000 - 0x0000000002531000 	C:\Program Files\Java\jdk1.7.0_79\jre\bin\nio.dll

VM Arguments:
jvm_args: -Xmx1024M -Dfile.encoding=x-windows-949 -Duser.country=KR -Duser.language=ko -Duser.variant 
java_command: com.android.dx.command.Main --dex --num-threads=4 --output D:\PhyctogramApp\phyctogramAnd\app\build\intermediates\pre-dexed\debug\classes-52801753012c5f878397dd02d2f9e0dc3936c1c7.jar D:\PhyctogramApp\phyctogramAnd\app\build\intermediates\exploded-aar\com.google.android.gms\play-services-base\7.8.0\jars\classes.jar
Launcher Type: SUN_STANDARD

Environment Variables:
JAVA_HOME=C:\Program Files\Java\jdk1.8.0_51
PATH=C:\ProgramData\Oracle\Java\javapath;C:\Program Files\Java\jdk1.8.0_51\bin;D:\androidApp;C:\Program Files (x86)\Intel\iCLS Client\;C:\Program Files\Intel\iCLS Client\;C:\Windows\system32;C:\Windows;C:\Windows\System32\Wbem;C:\Windows\System32\WindowsPowerShell\v1.0\;C:\Program Files (x86)\AMD\ATI.ACE\Core-Static;C:\Program Files\Intel\Intel(R) Management Engine Components\DAL;C:\Program Files (x86)\Intel\Intel(R) Management Engine Components\DAL;C:\Program Files\Intel\Intel(R) Management Engine Components\IPT;C:\Program Files (x86)\Intel\Intel(R) Management Engine Components\IPT;C:\Program Files (x86)\MySQL\MySQL Fabric 1.5.4 & MySQL Utilities 1.5.4 1.5\;C:\Program Files (x86)\MySQL\MySQL Fabric 1.5.4 & MySQL Utilities 1.5.4 1.5\Doctrine extensions for PHP\;C:\Program Files\SlikSvn\bin;C:\Program Files (x86)\VisualSVN\bin;C:\Program Files\TortoiseSVN\bin;C:\Program Files\nodejs\;C:\Program Files (x86)\Microsoft SQL Server\100\Tools\Binn\VSShell\Common7\IDE\;C:\Program Files (x86)\Microsoft SQL Server\100\Tools\Binn\;C:\Program Files\Microsoft SQL Server\100\Tools\Binn\;C:\Program Files (x86)\Microsoft SQL Server\100\DTS\Binn\;C:\Anaconda3;C:\Anaconda3\Scripts;C:\Anaconda3\Library\bin;C:\Users\sjw\AppData\Roaming\npm;C:\Program Files\MySQL\MySQL Server 5.6\bin
USERNAME=sjw
OS=Windows_NT
PROCESSOR_IDENTIFIER=Intel64 Family 6 Model 60 Stepping 3, GenuineIntel



---------------  S Y S T E M  ---------------

OS: Windows 7 , 64 bit Build 7601 Service Pack 1

CPU:total 8 (4 cores per cpu, 2 threads per core) family 6 model 60 stepping 3, cmov, cx8, fxsr, mmx, sse, sse2, sse3, ssse3, sse4.1, sse4.2, popcnt, avx, avx2, aes, erms, ht, tsc, tscinvbit

Memory: 4k page, physical 16716176k(3898472k free), swap 18811476k(5000k free)

vm_info: Java HotSpot(TM) 64-Bit Server VM (24.79-b02) for windows-amd64 JRE (1.7.0_79-b15), built on Apr 10 2015 12:36:16 by "java_re" with unknown MS VC++:1600

time: Fri Jun 24 14:11:55 2016
elapsed time: 5 seconds

